array (
  'userfile' => 
  array (
    'name' => 'Screen Shot 2017-04-02 at 10.39.32 AM.png',
    'type' => 'image/png',
    'tmp_name' => '/tmp/phpLuzG09',
    'error' => 0,
    'size' => 213427,
  ),
)array (
  'file' => 
  array (
    'name' => '13.jpg',
    'type' => 'image/jpeg',
    'tmp_name' => '/tmp/phpONmYbJ',
    'error' => 0,
    'size' => 2653,
  ),
)array (
  'userfile' => 
  array (
    'name' => '12.png',
    'type' => 'image/png',
    'tmp_name' => '/tmp/phpv6p517',
    'error' => 0,
    'size' => 3264,
  ),
)array (
  'userfile' => 
  array (
    'name' => '12.png',
    'type' => 'image/png',
    'tmp_name' => '/tmp/phpZVYANA',
    'error' => 0,
    'size' => 3264,
  ),
)array (
  'file' => 
  array (
    'name' => '8.png',
    'type' => 'image/png',
    'tmp_name' => '/tmp/phpsQMCA1',
    'error' => 0,
    'size' => 4791,
  ),
)array (
  'file' => 
  array (
    'name' => 'Screen Shot 2017-04-02 at 10.39.27 AM.png',
    'type' => 'image/png',
    'tmp_name' => '/tmp/phpPPz90m',
    'error' => 0,
    'size' => 142655,
  ),
)array (
  'file' => 
  array (
    'name' => 'Screen Shot 2017-04-02 at 10.39.27 AM.png',
    'type' => 'image/png',
    'tmp_name' => '/tmp/phpKcePoj',
    'error' => 0,
    'size' => 142655,
  ),
)array (
  'file' => 
  array (
    'name' => '2017-03-31 13_39_31-puppy - Google Search.png',
    'type' => 'image/png',
    'tmp_name' => '/tmp/php0hY6j2',
    'error' => 0,
    'size' => 60638,
  ),
)array (
  'file' => 
  array (
    'name' => 'Screen Shot 2017-04-02 at 10.39.50 AM.png',
    'type' => 'image/png',
    'tmp_name' => '/tmp/phpriRajh',
    'error' => 0,
    'size' => 259585,
  ),
)array (
  'file' => 
  array (
    'name' => 'Screen Shot 2017-04-02 at 10.39.21 AM.png',
    'type' => 'image/png',
    'tmp_name' => '/tmp/phpRaayuV',
    'error' => 0,
    'size' => 100132,
  ),
)array (
  'file' => 
  array (
    'name' => '2017-03-31 13_39_31-puppy - Google Search.png',
    'type' => 'image/png',
    'tmp_name' => '/tmp/phpAdecnk',
    'error' => 0,
    'size' => 60638,
  ),
)array (
  'file' => 
  array (
    'name' => '2017-03-31 13_38_56-puppy - Google Search.png',
    'type' => 'image/png',
    'tmp_name' => '/tmp/phpcJp8m3',
    'error' => 0,
    'size' => 61087,
  ),
)